{"/home/victor/dev/thingYota/hiring/node/backend/src/adapter/stock.js": {"path":"/home/victor/dev/thingYota/hiring/node/backend/src/adapter/stock.js","statementMap":{"0":{"start":{"line":3,"column":0},"end":{"line":5,"column":3}},"1":{"start":{"line":6,"column":0},"end":{"line":6,"column":40}},"2":{"start":{"line":8,"column":31},"end":{"line":19,"column":1}},"3":{"start":{"line":12,"column":16},"end":{"line":12,"column":61}},"4":{"start":{"line":13,"column":15},"end":{"line":13,"column":73}},"5":{"start":{"line":14,"column":2},"end":{"line":18,"column":4}},"6":{"start":{"line":21,"column":0},"end":{"line":21,"column":56}}},"fnMap":{"0":{"name":"(anonymous_0)","decl":{"start":{"line":8,"column":31},"end":{"line":8,"column":32}},"loc":{"start":{"line":11,"column":6},"end":{"line":19,"column":1}},"line":11}},"branchMap":{"0":{"loc":{"start":{"line":16,"column":15},"end":{"line":16,"column":44}},"type":"cond-expr","locations":[{"start":{"line":16,"column":23},"end":{"line":16,"column":40}},{"start":{"line":16,"column":43},"end":{"line":16,"column":44}}],"line":16}},"s":{"0":1,"1":1,"2":1,"3":2,"4":2,"5":2,"6":1},"f":{"0":2},"b":{"0":[1,1]},"inputSourceMap":null,"_coverageSchema":"1a1c01bbd47fc00a2c39e90264f33305004495a9","hash":"2edafba681b3943d514eca2a003ed34a7f5dec1d"}
}
